[debug] [2019-09-13T03:25:55.269Z] ----------------------------------------------------------------------
[debug] [2019-09-13T03:25:55.271Z] Command:       /usr/local/Cellar/node/11.11.0/bin/node /usr/local/bin/firebase serve
[debug] [2019-09-13T03:25:55.271Z] CLI Version:   7.3.0
[debug] [2019-09-13T03:25:55.271Z] Platform:      darwin
[debug] [2019-09-13T03:25:55.271Z] Node Version:  v11.11.0
[debug] [2019-09-13T03:25:55.272Z] Time:          Thu Sep 12 2019 22:25:55 GMT-0500 (Central Daylight Time)
[debug] [2019-09-13T03:25:55.272Z] ----------------------------------------------------------------------
[debug] 
[debug] [2019-09-13T03:25:55.279Z] > command requires scopes: ["email","openid","https://www.googleapis.com/auth/cloudplatformprojects.readonly","https://www.googleapis.com/auth/firebase","https://www.googleapis.com/auth/cloud-platform"]
[debug] [2019-09-13T03:25:55.280Z] > authorizing via signed-in user
[debug] [2019-09-13T03:25:55.280Z] [iam] checking project chatapp-f11cd for permissions ["firebase.projects.get"]
[debug] [2019-09-13T03:25:55.281Z] >>> HTTP REQUEST POST https://cloudresourcemanager.googleapis.com/v1/projects/chatapp-f11cd:testIamPermissions  

[debug] [2019-09-13T03:25:55.473Z] <<< HTTP RESPONSE 200
[debug] [2019-09-13T03:25:55.476Z] >>> HTTP REQUEST GET https://firebase.googleapis.com/v1beta1/projects/chatapp-f11cd  
 
[debug] [2019-09-13T03:25:55.689Z] <<< HTTP RESPONSE 200
[info] 
[info] === Serving from '/Users/jepappano4/github/chatapp'...
[info] 
[warn] ⚠  Your requested "node" version "8" doesn't match your global version "11"
[info] ✔  functions: Emulator started at http://localhost:5000
[info] i  functions: Watching "/Users/jepappano4/github/chatapp/functions" for Cloud Functions...
[debug] [2019-09-13T03:25:56.270Z] [runtime-status] Functions runtime initialized. {"cwd":"/Users/jepappano4/github/chatapp/functions","node_version":"11.11.0"}
[debug] [2019-09-13T03:25:56.271Z] [runtime-status] Disabled runtime features: {"functions_config_helper":true,"network_filtering":true,"timeout":true,"memory_limiting":true,"admin_stubs":true} {}
[debug] [2019-09-13T03:25:56.273Z] [runtime-status] Resolved module firebase-admin {"declared":true,"installed":true,"version":"8.4.0","resolution":"/Users/jepappano4/github/chatapp/functions/node_modules/firebase-admin/lib/index.js"}
[debug] [2019-09-13T03:25:56.274Z] [runtime-status] Resolved module firebase-functions {"declared":true,"installed":true,"version":"3.2.0","resolution":"/Users/jepappano4/github/chatapp/functions/node_modules/firebase-functions/lib/index.js"}
[debug] [2019-09-13T03:25:56.274Z] [runtime-status] Resolved module firebase-functions {"declared":true,"installed":true,"version":"3.2.0","resolution":"/Users/jepappano4/github/chatapp/functions/node_modules/firebase-functions/lib/index.js"}
[info] ✔  functions[api]: http function initialized (http://localhost:5000/chatapp-f11cd/us-central1/api).
[info] i  functions[createNotificationOnLike]: function ignored because the firestore emulator does not exist or is not running.
[info] i  functions[deleteNotificationOnUnLike]: function ignored because the firestore emulator does not exist or is not running.
[info] i  functions[createNotificationOnComment]: function ignored because the firestore emulator does not exist or is not running.
[info] i  functions[onUserImageChange]: function ignored because the firestore emulator does not exist or is not running.
[info] i  functions[onScreamDelete]: function ignored because the firestore emulator does not exist or is not running.
[debug] [2019-09-13T03:25:59.517Z] Accepted request DELETE /chatapp-f11cd/us-central1/api/scream/5dGGB06rK3UgQ4IB3xIj --> api
[debug] [2019-09-13T03:25:59.803Z] [runtime-status] Functions runtime initialized. {"cwd":"/Users/jepappano4/github/chatapp/functions","node_version":"11.11.0"}
[info] i  functions: Beginning execution of "api"
[debug] [2019-09-13T03:25:59.804Z] [runtime-status] Disabled runtime features: {"functions_config_helper":true,"network_filtering":true,"timeout":true,"memory_limiting":true,"admin_stubs":true} {}
[debug] [2019-09-13T03:25:59.807Z] [runtime-status] Resolved module firebase-admin {"declared":true,"installed":true,"version":"8.4.0","resolution":"/Users/jepappano4/github/chatapp/functions/node_modules/firebase-admin/lib/index.js"}
[debug] [2019-09-13T03:25:59.808Z] [runtime-status] Resolved module firebase-functions {"declared":true,"installed":true,"version":"3.2.0","resolution":"/Users/jepappano4/github/chatapp/functions/node_modules/firebase-functions/lib/index.js"}
[debug] [2019-09-13T03:25:59.808Z] [runtime-status] Resolved module firebase-functions {"declared":true,"installed":true,"version":"3.2.0","resolution":"/Users/jepappano4/github/chatapp/functions/node_modules/firebase-functions/lib/index.js"}
[debug] [2019-09-13T03:26:00.184Z] [runtime-status] Trigger "api" has been found, beginning invocation! {}
[debug] [2019-09-13T03:26:00.184Z] [runtime-status]  {"httpsTrigger":{},"name":"api","entryPoint":"api"}
[debug] [2019-09-13T03:26:00.184Z] [runtime-status] Running api in mode HTTPS {}
[debug] [2019-09-13T03:26:00.192Z] {"socketPath":"/var/folders/vp/qf2wccb10ll112z1w082klm00000gn/T/firebase_emulator_invocation_5182.sock"}
[debug] [2019-09-13T03:26:00.194Z] [functions] Runtime ready! Sending request! {"socketPath":"/var/folders/vp/qf2wccb10ll112z1w082klm00000gn/T/firebase_emulator_invocation_5182.sock"}
[debug] [2019-09-13T03:26:00.212Z] [runtime-status] Ephemeral server used! {}
[debug] [2019-09-13T03:26:00.258Z] [runtime-status] Ephemeral server survived. {}
[info] >  { iss: 'https://securetoken.google.com/chatapp-f11cd',
[info] >    aud: 'chatapp-f11cd',
[info] >    auth_time: 1568344906,
[info] >    user_id: 'INCCAVdIgahD91ZkiPe6Y3lZ7EL2',
[info] >    sub: 'INCCAVdIgahD91ZkiPe6Y3lZ7EL2',
[info] >    iat: 1568344906,
[info] >    exp: 1568348506,
[info] >    email: 'jane@email.com',
[info] >    email_verified: false,
[info] >    firebase:
[info] >     { identities: { email: [Array] }, sign_in_provider: 'password' },
[info] >    uid: 'INCCAVdIgahD91ZkiPe6Y3lZ7EL2' }
[info] i  functions: Finished "api" in ~1s
[debug] [2019-09-14T19:50:15.852Z] Accepted request GET /chatapp-f11cd/us-central1/api/screams --> api
[debug] [2019-09-14T19:50:16.369Z] [runtime-status] Functions runtime initialized. {"cwd":"/Users/jepappano4/github/chatapp/functions","node_version":"11.11.0"}
[info] i  functions: Beginning execution of "api"
[debug] [2019-09-14T19:50:16.370Z] [runtime-status] Disabled runtime features: {"functions_config_helper":true,"network_filtering":true,"timeout":true,"memory_limiting":true,"admin_stubs":true} {}
[debug] [2019-09-14T19:50:16.374Z] [runtime-status] Resolved module firebase-admin {"declared":true,"installed":true,"version":"8.4.0","resolution":"/Users/jepappano4/github/chatapp/functions/node_modules/firebase-admin/lib/index.js"}
[debug] [2019-09-14T19:50:16.376Z] [runtime-status] Resolved module firebase-functions {"declared":true,"installed":true,"version":"3.2.0","resolution":"/Users/jepappano4/github/chatapp/functions/node_modules/firebase-functions/lib/index.js"}
[debug] [2019-09-14T19:50:16.376Z] [runtime-status] Resolved module firebase-functions {"declared":true,"installed":true,"version":"3.2.0","resolution":"/Users/jepappano4/github/chatapp/functions/node_modules/firebase-functions/lib/index.js"}
[debug] [2019-09-14T19:50:16.935Z] [runtime-status] Trigger "api" has been found, beginning invocation! {}
[debug] [2019-09-14T19:50:16.936Z] [runtime-status]  {"httpsTrigger":{},"name":"api","entryPoint":"api"}
[debug] [2019-09-14T19:50:16.936Z] [runtime-status] Running api in mode HTTPS {}
[debug] [2019-09-14T19:50:16.942Z] {"socketPath":"/var/folders/vp/qf2wccb10ll112z1w082klm00000gn/T/firebase_emulator_invocation_10105.sock"}
[debug] [2019-09-14T19:50:16.947Z] [functions] Runtime ready! Sending request! {"socketPath":"/var/folders/vp/qf2wccb10ll112z1w082klm00000gn/T/firebase_emulator_invocation_10105.sock"}
[debug] [2019-09-14T19:50:16.970Z] [runtime-status] Ephemeral server used! {}
[debug] [2019-09-14T19:50:17.235Z] [runtime-status] Ephemeral server survived. {}
[info] i  functions: Finished "api" in ~1s
